<?xml version="1.0" encoding="UTF-8"?>
<coverage generated="1592274333985" clover="3.2.0">
  <project timestamp="1592274333985" name="All files">
    <metrics statements="15" coveredstatements="15" conditionals="8" coveredconditionals="6" methods="6" coveredmethods="6" elements="29" coveredelements="27" complexity="0" loc="15" ncloc="15" packages="1" files="1" classes="1"/>
    <file name="path.ts" path="/home/jonnathan/mega/estudos/my-projects/rename-file-folders/src/path.ts">
      <metrics statements="15" coveredstatements="15" conditionals="8" coveredconditionals="6" methods="6" coveredmethods="6"/>
      <line num="4" count="2" type="stmt"/>
      <line num="10" count="2" type="stmt"/>
      <line num="11" count="2" type="cond" truecount="2" falsecount="0"/>
      <line num="12" count="2" type="stmt"/>
      <line num="16" count="2" type="stmt"/>
      <line num="17" count="4" type="cond" truecount="2" falsecount="0"/>
      <line num="19" count="3" type="stmt"/>
      <line num="23" count="2" type="stmt"/>
      <line num="24" count="3" type="stmt"/>
      <line num="25" count="3" type="stmt"/>
      <line num="26" count="3" type="stmt"/>
      <line num="27" count="3" type="cond" truecount="1" falsecount="1"/>
      <line num="28" count="3" type="cond" truecount="1" falsecount="1"/>
      <line num="29" count="3" type="stmt"/>
      <line num="33" count="3" type="stmt"/>
    </file>
  </project>
</coverage>
