{"/home/jonnathan/mega/estudos/my-projects/rename-file-folders/src/path.ts": {"path":"/home/jonnathan/mega/estudos/my-projects/rename-file-folders/src/path.ts","statementMap":{"0":{"start":{"line":4,"column":30},"end":{"line":4,"column":32}},"1":{"start":{"line":10,"column":3},"end":{"line":10,"column":38}},"2":{"start":{"line":11,"column":3},"end":{"line":11,"column":84}},"3":{"start":{"line":12,"column":3},"end":{"line":12,"column":42}},"4":{"start":{"line":16,"column":18},"end":{"line":17,"column":49}},"5":{"start":{"line":17,"column":2},"end":{"line":17,"column":49}},"6":{"start":{"line":19,"column":15},"end":{"line":19,"column":64}},"7":{"start":{"line":19,"column":44},"end":{"line":19,"column":64}},"8":{"start":{"line":23,"column":2},"end":{"line":30,"column":4}},"9":{"start":{"line":24,"column":22},"end":{"line":24,"column":39}},"10":{"start":{"line":25,"column":26},"end":{"line":25,"column":50}},"11":{"start":{"line":26,"column":26},"end":{"line":26,"column":56}},"12":{"start":{"line":27,"column":3},"end":{"line":27,"column":58}},"13":{"start":{"line":27,"column":34},"end":{"line":27,"column":58}},"14":{"start":{"line":28,"column":3},"end":{"line":28,"column":55}},"15":{"start":{"line":28,"column":20},"end":{"line":28,"column":55}},"16":{"start":{"line":29,"column":3},"end":{"line":29,"column":46}},"17":{"start":{"line":33,"column":2},"end":{"line":42,"column":25}}},"fnMap":{"0":{"name":"(anonymous_0)","decl":{"start":{"line":7,"column":1},"end":{"line":7,"column":2}},"loc":{"start":{"line":9,"column":27},"end":{"line":14,"column":2}},"line":9},"1":{"name":"(anonymous_1)","decl":{"start":{"line":16,"column":18},"end":{"line":16,"column":19}},"loc":{"start":{"line":17,"column":2},"end":{"line":17,"column":49}},"line":17},"2":{"name":"(anonymous_2)","decl":{"start":{"line":19,"column":15},"end":{"line":19,"column":16}},"loc":{"start":{"line":19,"column":44},"end":{"line":19,"column":64}},"line":19},"3":{"name":"(anonymous_3)","decl":{"start":{"line":22,"column":1},"end":{"line":22,"column":2}},"loc":{"start":{"line":22,"column":31},"end":{"line":31,"column":2}},"line":22},"4":{"name":"(anonymous_4)","decl":{"start":{"line":23,"column":31},"end":{"line":23,"column":32}},"loc":{"start":{"line":23,"column":42},"end":{"line":30,"column":3}},"line":23},"5":{"name":"(anonymous_5)","decl":{"start":{"line":32,"column":1},"end":{"line":32,"column":2}},"loc":{"start":{"line":32,"column":36},"end":{"line":43,"column":2}},"line":32}},"branchMap":{"0":{"loc":{"start":{"line":11,"column":18},"end":{"line":11,"column":83}},"type":"cond-expr","locations":[{"start":{"line":11,"column":33},"end":{"line":11,"column":58}},{"start":{"line":11,"column":61},"end":{"line":11,"column":83}}],"line":11},"1":{"loc":{"start":{"line":17,"column":2},"end":{"line":17,"column":49}},"type":"cond-expr","locations":[{"start":{"line":17,"column":32},"end":{"line":17,"column":36}},{"start":{"line":17,"column":39},"end":{"line":17,"column":49}}],"line":17},"2":{"loc":{"start":{"line":27,"column":3},"end":{"line":27,"column":58}},"type":"if","locations":[{"start":{"line":27,"column":3},"end":{"line":27,"column":58}},{"start":{"line":27,"column":3},"end":{"line":27,"column":58}}],"line":27},"3":{"loc":{"start":{"line":28,"column":3},"end":{"line":28,"column":55}},"type":"if","locations":[{"start":{"line":28,"column":3},"end":{"line":28,"column":55}},{"start":{"line":28,"column":3},"end":{"line":28,"column":55}}],"line":28}},"s":{"0":2,"1":2,"2":2,"3":2,"4":2,"5":4,"6":2,"7":3,"8":2,"9":3,"10":3,"11":3,"12":3,"13":0,"14":3,"15":0,"16":3,"17":3},"f":{"0":2,"1":4,"2":3,"3":2,"4":3,"5":3},"b":{"0":[1,1],"1":[3,1],"2":[0,3],"3":[0,3]},"_coverageSchema":"1a1c01bbd47fc00a2c39e90264f33305004495a9","hash":"9c264c50b313714be5638a5429adc36d10d0256d"}
}
