TN:
SF:src/path.ts
FN:7,(anonymous_0)
FN:16,(anonymous_1)
FN:19,(anonymous_2)
FN:22,(anonymous_3)
FN:23,(anonymous_4)
FN:32,(anonymous_5)
FNF:6
FNH:6
FNDA:2,(anonymous_0)
FNDA:4,(anonymous_1)
FNDA:3,(anonymous_2)
FNDA:2,(anonymous_3)
FNDA:3,(anonymous_4)
FNDA:3,(anonymous_5)
DA:4,2
DA:10,2
DA:11,2
DA:12,2
DA:16,2
DA:17,4
DA:19,3
DA:23,2
DA:24,3
DA:25,3
DA:26,3
DA:27,3
DA:28,3
DA:29,3
DA:33,3
LF:15
LH:15
BRDA:11,0,0,1
BRDA:11,0,1,1
BRDA:17,1,0,3
BRDA:17,1,1,1
BRDA:27,2,0,0
BRDA:27,2,1,3
BRDA:28,3,0,0
BRDA:28,3,1,3
BRF:8
BRH:6
end_of_record
